<?xml version="1.0" encoding="UTF-8"?>
<!-- Generated by org.testng.reporters.JUnitXMLReporter -->
<testsuite ignored="0" hostname="User" failures="1" tests="2" name="Smoke Test" time="17.463" errors="0" timestamp="2022-04-27T21:20:16 EDT">
  <testcase classname="testNGbasics.CreatingDependency" name="registerLinkTest" time="4.157">
    <failure type="java.lang.AssertionError" message="expected [Register: Mercury Tour] but found [Register: Mercury Tours]">
      <![CDATA[java.lang.AssertionError: expected [Register: Mercury Tour] but found [Register: Mercury Tours]
at testNGbasics.CreatingDependency.registerLinkTest(CreatingDependency.java:38)
at java.base/java.util.ArrayList.forEach(ArrayList.java:1511)
... Removed 33 stack frames]]>
    </failure>
  </testcase> <!-- registerLinkTest -->
  <testcase classname="testNGbasics.CreatingDependency" name="registrationFunctionalityTest" time="0.0">
    <skipped/>
  </testcase> <!-- registrationFunctionalityTest -->
</testsuite> <!-- Smoke Test -->
